TN:
SF:src\app.ts
FN:13,createApp
FN:21,(anonymous_2)
FN:33,(anonymous_3)
FNF:3
FNH:1
FNDA:2,createApp
FNDA:0,(anonymous_2)
FNDA:0,(anonymous_3)
DA:2,2
DA:3,2
DA:4,2
DA:5,2
DA:6,2
DA:7,2
DA:8,2
DA:9,2
DA:10,2
DA:11,2
DA:13,2
DA:14,2
DA:16,2
DA:17,2
DA:18,2
DA:21,2
DA:24,2
DA:28,2
DA:29,2
DA:30,2
DA:31,2
DA:33,2
DA:34,2
DA:36,2
LF:24
LH:24
BRDA:17,0,0,2
BRDA:17,0,1,0
BRF:2
BRH:1
end_of_record
TN:
SF:src\lib\jwt.ts
FN:22,signAccessToken
FN:26,signRefreshToken
FN:32,verifyAccessToken
FN:36,verifyRefreshToken
FN:43,refreshTokenExpiresAt
FN:48,parseDuration
FNF:6
FNH:6
FNDA:20,signAccessToken
FNDA:20,signRefreshToken
FNDA:12,verifyAccessToken
FNDA:5,verifyRefreshToken
FNDA:20,refreshTokenExpiresAt
FNDA:20,parseDuration
DA:2,3
DA:4,3
DA:5,3
DA:6,3
DA:7,3
DA:22,3
DA:23,20
DA:26,3
DA:27,20
DA:32,3
DA:33,12
DA:36,3
DA:37,5
DA:43,3
DA:44,20
DA:45,20
DA:49,20
DA:52,20
DA:53,20
DA:54,20
LF:20
LH:20
BRDA:6,0,0,3
BRDA:6,0,1,0
BRDA:7,1,0,3
BRDA:7,1,1,0
BRDA:53,2,0,0
BRDA:53,2,1,20
BRF:6
BRH:3
end_of_record
TN:
SF:src\lib\prisma.ts
FNF:0
FNH:0
DA:2,0
DA:4,0
DA:6,0
DA:13,0
LF:4
LH:0
BRDA:7,0,0,0
BRDA:7,0,1,0
BRDA:10,1,0,0
BRDA:10,1,1,0
BRDA:13,2,0,0
BRDA:13,2,1,0
BRF:6
BRH:0
end_of_record
TN:
SF:src\middleware\auth.ts
FN:22,requireAuth
FNF:1
FNH:1
FNDA:14,requireAuth
DA:2,2
DA:22,2
DA:23,14
DA:25,14
DA:26,2
DA:29,12
DA:31,12
DA:32,12
DA:33,11
DA:34,11
DA:36,1
DA:37,0
DA:39,1
LF:13
LH:12
BRDA:25,0,0,2
BRDA:25,0,1,12
BRDA:36,1,0,0
BRDA:36,1,1,1
BRF:4
BRH:3
end_of_record
TN:
SF:src\middleware\errorHandler.ts
FN:5,errorHandler
FNF:1
FNH:1
FNDA:3,errorHandler
DA:3,2
DA:5,2
DA:11,3
DA:14,3
DA:15,0
DA:16,0
DA:18,0
DA:19,0
DA:21,0
DA:25,3
DA:26,0
DA:30,3
DA:31,3
DA:32,3
LF:14
LH:8
BRDA:14,0,0,0
BRDA:14,0,1,3
BRDA:15,1,0,0
BRDA:15,1,1,0
BRDA:18,2,0,0
BRDA:18,2,1,0
BRDA:25,3,0,0
BRDA:25,3,1,3
BRDA:30,4,0,3
BRDA:30,4,1,0
BRDA:31,5,0,3
BRDA:31,5,1,0
BRF:12
BRH:4
end_of_record
TN:
SF:src\middleware\validate.ts
FN:6,validate
FN:7,(anonymous_1)
FN:12,(anonymous_2)
FN:24,validateQuery
FN:25,(anonymous_4)
FN:30,(anonymous_5)
FNF:6
FNH:6
FNDA:20,validate
FNDA:25,(anonymous_1)
FNDA:7,(anonymous_2)
FNDA:4,validateQuery
FNDA:2,(anonymous_4)
FNDA:1,(anonymous_5)
DA:6,2
DA:7,20
DA:8,25
DA:9,25
DA:10,6
DA:12,7
DA:18,19
DA:19,19
DA:24,2
DA:25,4
DA:26,2
DA:27,2
DA:28,1
DA:30,1
DA:36,1
DA:37,1
LF:16
LH:16
BRDA:9,0,0,6
BRDA:9,0,1,19
BRDA:13,1,0,7
BRDA:13,1,1,0
BRDA:27,2,0,1
BRDA:27,2,1,1
BRF:6
BRH:5
end_of_record
TN:
SF:src\routes\auth.routes.ts
FN:15,(anonymous_9)
FN:25,(anonymous_10)
FN:35,(anonymous_11)
FN:45,(anonymous_12)
FN:55,(anonymous_13)
FN:65,(anonymous_14)
FNF:6
FNH:3
FNDA:2,(anonymous_9)
FNDA:14,(anonymous_10)
FNDA:0,(anonymous_11)
FNDA:0,(anonymous_12)
FNDA:0,(anonymous_13)
FNDA:1,(anonymous_14)
DA:2,2
DA:3,2
DA:8,2
DA:9,2
DA:10,2
DA:12,2
DA:15,2
DA:16,2
DA:17,2
DA:18,1
DA:20,1
DA:25,2
DA:26,14
DA:27,14
DA:28,12
DA:30,2
DA:35,2
DA:36,0
DA:37,0
DA:38,0
DA:40,0
DA:45,2
DA:46,0
DA:47,0
DA:48,0
DA:50,0
DA:55,2
DA:56,0
DA:57,0
DA:58,0
DA:60,0
DA:65,2
DA:66,1
DA:67,1
DA:68,1
DA:70,0
LF:36
LH:23
BRF:0
BRH:0
end_of_record
TN:
SF:src\routes\budgets.routes.ts
FN:8,(anonymous_9)
FN:16,(anonymous_10)
FN:24,(anonymous_11)
FNF:3
FNH:0
FNDA:0,(anonymous_9)
FNDA:0,(anonymous_10)
FNDA:0,(anonymous_11)
DA:1,2
DA:2,2
DA:3,2
DA:4,2
DA:6,2
DA:8,2
DA:9,0
DA:10,0
DA:12,0
DA:16,2
DA:17,0
DA:18,0
DA:20,0
DA:24,2
DA:25,0
DA:26,0
DA:27,0
DA:29,0
LF:18
LH:8
BRF:0
BRH:0
end_of_record
TN:
SF:src\routes\savingGoals.routes.ts
FN:12,(anonymous_9)
FN:20,(anonymous_10)
FN:34,(anonymous_11)
FN:46,(anonymous_12)
FN:57,(anonymous_13)
FNF:5
FNH:0
FNDA:0,(anonymous_9)
FNDA:0,(anonymous_10)
FNDA:0,(anonymous_11)
FNDA:0,(anonymous_12)
FNDA:0,(anonymous_13)
DA:1,2
DA:2,2
DA:7,2
DA:8,2
DA:10,2
DA:12,2
DA:13,0
DA:14,0
DA:16,0
DA:20,2
DA:21,0
DA:22,0
DA:23,0
DA:25,0
DA:27,0
DA:31,2
DA:35,0
DA:36,0
DA:38,0
DA:43,2
DA:47,0
DA:48,0
DA:52,0
DA:57,2
DA:58,0
DA:59,0
DA:60,0
DA:62,0
LF:28
LH:10
BRDA:22,0,0,0
BRDA:22,0,1,0
BRF:2
BRH:0
end_of_record
TN:
SF:src\routes\stats.routes.ts
FN:9,(anonymous_9)
FN:18,(anonymous_10)
FN:29,(anonymous_11)
FNF:3
FNH:0
FNDA:0,(anonymous_9)
FNDA:0,(anonymous_10)
FNDA:0,(anonymous_11)
DA:1,2
DA:2,2
DA:3,2
DA:4,2
DA:6,2
DA:9,2
DA:10,0
DA:11,0
DA:13,0
DA:18,2
DA:19,0
DA:20,0
DA:21,0
DA:22,0
DA:24,0
DA:29,2
DA:30,0
DA:31,0
DA:32,0
DA:34,0
LF:20
LH:8
BRF:0
BRH:0
end_of_record
TN:
SF:src\routes\transactions.routes.ts
FN:20,(anonymous_9)
FN:29,(anonymous_10)
FN:43,(anonymous_11)
FN:55,(anonymous_12)
FN:71,(anonymous_13)
FNF:5
FNH:4
FNDA:1,(anonymous_9)
FNDA:0,(anonymous_10)
FNDA:1,(anonymous_11)
FNDA:2,(anonymous_12)
FNDA:2,(anonymous_13)
DA:2,2
DA:3,2
DA:8,2
DA:9,2
DA:10,2
DA:12,2
DA:15,2
DA:17,2
DA:21,1
DA:22,1
DA:24,0
DA:29,2
DA:30,0
DA:31,0
DA:32,0
DA:33,0
DA:34,0
DA:36,0
DA:40,2
DA:44,1
DA:45,1
DA:47,0
DA:52,2
DA:56,2
DA:57,2
DA:62,2
DA:63,1
DA:64,1
DA:66,0
DA:71,2
DA:72,2
DA:73,2
DA:74,2
DA:75,1
DA:76,1
DA:78,0
LF:36
LH:26
BRDA:32,0,0,0
BRDA:32,0,1,0
BRDA:62,1,0,1
BRDA:62,1,1,1
BRDA:74,2,0,1
BRDA:74,2,1,1
BRF:6
BRH:4
end_of_record
TN:
SF:src\schemas\auth.schemas.ts
FNF:0
FNH:0
DA:2,2
DA:4,2
DA:14,2
DA:19,2
LF:4
LH:4
BRF:0
BRH:0
end_of_record
TN:
SF:src\services\auth.service.ts
FN:17,publicUser
FN:21,issueTokenPair
FN:37,register
FN:58,login
FN:78,refresh
FN:111,logout
FN:121,logoutAll
FN:127,getProfile
FNF:8
FNH:7
FNDA:21,publicUser
FNDA:20,issueTokenPair
FNDA:5,register
FNDA:20,login
FNDA:3,refresh
FNDA:2,logout
FNDA:0,logoutAll
FNDA:1,getProfile
DA:2,3
DA:3,3
DA:4,3
DA:5,3
DA:13,3
DA:18,21
DA:22,20
DA:23,20
DA:25,20
DA:26,20
DA:28,20
DA:32,20
DA:37,3
DA:38,5
DA:39,5
DA:40,2
DA:41,2
DA:42,2
DA:45,3
DA:47,3
DA:51,3
DA:53,3
DA:58,3
DA:59,20
DA:62,20
DA:63,20
DA:65,20
DA:66,4
DA:67,4
DA:68,4
DA:71,16
DA:73,16
DA:78,3
DA:80,3
DA:81,3
DA:83,1
DA:84,1
DA:85,1
DA:89,2
DA:91,2
DA:93,1
DA:94,1
DA:95,1
DA:96,1
DA:100,1
DA:102,1
DA:103,1
DA:105,1
DA:111,3
DA:112,2
DA:113,2
DA:114,1
DA:121,3
DA:122,0
DA:127,3
DA:128,1
DA:129,1
LF:57
LH:56
BRDA:39,0,0,2
BRDA:39,0,1,3
BRDA:62,1,0,20
BRDA:62,1,1,2
BRDA:65,2,0,4
BRDA:65,2,1,16
BRDA:65,3,0,20
BRDA:65,3,1,18
BRDA:91,4,0,1
BRDA:91,4,1,1
BRDA:91,5,0,2
BRDA:91,5,1,1
BRDA:91,5,2,1
BRF:13
BRH:13
end_of_record
TN:
SF:src\services\budgets.service.ts
FN:8,fmt
FN:16,listBudgets
FN:24,upsertBudget
FN:43,deleteBudget
FNF:4
FNH:4
FNDA:2,fmt
FNDA:1,listBudgets
FNDA:1,upsertBudget
FNDA:1,deleteBudget
DA:2,3
DA:9,2
DA:16,3
DA:17,1
DA:21,1
DA:24,3
DA:25,1
DA:26,1
DA:27,0
DA:29,1
DA:30,1
DA:40,1
DA:43,3
DA:45,1
DA:46,1
DA:47,0
DA:49,1
DA:50,0
DA:52,1
LF:19
LH:16
BRDA:9,0,0,0
BRDA:9,0,1,2
BRDA:11,1,0,2
BRDA:11,1,1,0
BRDA:26,2,0,0
BRDA:26,2,1,1
BRDA:46,3,0,0
BRDA:46,3,1,1
BRDA:49,4,0,0
BRDA:49,4,1,1
BRF:10
BRH:5
end_of_record
TN:
SF:src\services\savingsGoals.service.ts
FN:9,fmt
FN:26,listSavingsGoals
FN:34,createSavingsGoal
FN:56,updateSavingsGoal
FN:69,contributeToGoal
FN:82,deleteSavingsGoal
FNF:6
FNH:4
FNDA:5,fmt
FNDA:0,listSavingsGoals
FNDA:3,createSavingsGoal
FNDA:0,updateSavingsGoal
FNDA:2,contributeToGoal
FNDA:1,deleteSavingsGoal
DA:2,3
DA:10,5
DA:26,3
DA:27,0
DA:31,0
DA:34,3
DA:35,3
DA:36,3
DA:37,0
DA:40,3
DA:41,3
DA:50,3
DA:52,0
DA:56,3
DA:57,0
DA:66,0
DA:69,3
DA:70,2
DA:71,2
DA:75,2
DA:79,2
DA:82,3
DA:83,1
LF:23
LH:17
BRDA:12,0,0,0
BRDA:12,0,1,5
BRDA:14,1,0,5
BRDA:14,1,1,0
BRDA:17,2,0,0
BRDA:17,2,1,5
BRDA:19,3,0,5
BRDA:19,3,1,0
BRDA:22,4,0,4
BRDA:22,4,1,1
BRDA:36,5,0,0
BRDA:36,5,1,3
BRDA:36,6,0,3
BRDA:36,6,1,3
BRDA:46,7,0,2
BRDA:46,7,1,1
BRDA:61,8,0,0
BRDA:61,8,1,0
BRDA:62,9,0,0
BRDA:62,9,1,0
BRF:20
BRH:11
end_of_record
TN:
SF:src\services\stats.service.ts
FN:12,monthRange
FN:18,aggregateMonth
FN:32,(anonymous_2)
FN:34,(anonymous_3)
FN:50,getMonthlyStats
FN:54,getLast12MonthsStats
FN:56,(anonymous_6)
FN:63,getTopCategories
FN:68,(anonymous_8)
FN:73,(anonymous_9)
FN:77,checkBudgetAlerts
FN:84,(anonymous_11)
FN:96,(anonymous_12)
FN:97,(anonymous_13)
FN:100,getMonthOverMonthChange
FN:109,(anonymous_15)
FN:119,getSavingsRate
FN:125,getFullDashboard
FNF:18
FNH:13
FNDA:12,monthRange
FNDA:12,aggregateMonth
FNDA:108,(anonymous_2)
FNDA:47,(anonymous_3)
FNDA:3,getMonthlyStats
FNDA:0,getLast12MonthsStats
FNDA:0,(anonymous_6)
FNDA:3,getTopCategories
FNDA:27,(anonymous_8)
FNDA:40,(anonymous_9)
FNDA:4,checkBudgetAlerts
FNDA:7,(anonymous_11)
FNDA:7,(anonymous_12)
FNDA:3,(anonymous_13)
FNDA:0,getMonthOverMonthChange
FNDA:0,(anonymous_15)
FNDA:2,getSavingsRate
FNDA:0,getFullDashboard
DA:2,3
DA:5,3
DA:13,12
DA:14,12
DA:15,12
DA:19,12
DA:21,12
DA:28,12
DA:29,12
DA:30,12
DA:31,12
DA:32,108
DA:34,12
DA:35,47
DA:36,47
DA:37,47
DA:38,10
DA:40,37
DA:41,37
DA:45,12
DA:50,3
DA:51,3
DA:54,3
DA:55,0
DA:56,0
DA:57,0
DA:58,0
DA:60,0
DA:63,3
DA:64,3
DA:65,3
DA:67,3
DA:68,27
DA:73,40
DA:77,3
DA:78,4
DA:83,4
DA:85,7
DA:86,7
DA:87,7
DA:88,7
DA:96,7
DA:97,3
DA:100,3
DA:101,0
DA:102,0
DA:104,0
DA:109,0
DA:110,0
DA:112,0
DA:119,3
DA:120,2
DA:121,2
DA:122,1
DA:125,3
DA:126,0
DA:127,0
DA:128,0
DA:131,0
DA:140,0
LF:60
LH:44
BRDA:35,0,0,47
BRDA:35,0,1,0
BRDA:37,1,0,10
BRDA:37,1,1,37
BRDA:41,2,0,37
BRDA:41,2,1,0
BRDA:63,3,0,0
BRDA:65,4,0,3
BRDA:65,4,1,1
BRDA:85,5,0,7
BRDA:85,5,1,0
BRDA:87,6,0,7
BRDA:87,6,1,0
BRDA:110,7,0,0
BRDA:110,7,1,0
BRDA:110,8,0,0
BRDA:110,8,1,0
BRDA:121,9,0,1
BRDA:121,9,1,1
BRF:19
BRH:10
end_of_record
TN:
SF:src\services\transactions.service.ts
FN:15,formatTx
FN:24,(anonymous_1)
FN:30,createTransaction
FN:37,(anonymous_3)
FN:44,getTransactionById
FN:52,updateTransaction
FN:65,(anonymous_6)
FN:69,(anonymous_7)
FN:82,deleteTransaction
FN:83,(anonymous_9)
FN:107,listTransactions
FNF:11
FNH:11
FNDA:11,formatTx
FNDA:11,(anonymous_1)
FNDA:3,createTransaction
FNDA:2,(anonymous_3)
FNDA:2,getTransactionById
FNDA:5,updateTransaction
FNDA:3,(anonymous_6)
FNDA:1,(anonymous_7)
FNDA:4,deleteTransaction
FNDA:4,(anonymous_9)
FNDA:4,listTransactions
DA:2,3
DA:3,3
DA:16,11
DA:24,11
DA:30,3
DA:31,3
DA:32,3
DA:37,2
DA:41,3
DA:44,3
DA:45,2
DA:49,2
DA:52,3
DA:58,5
DA:61,5
DA:63,3
DA:65,3
DA:66,3
DA:67,1
DA:68,1
DA:69,1
DA:72,3
DA:79,3
DA:82,3
DA:83,4
DA:84,4
DA:87,4
DA:89,2
DA:90,0
DA:100,2
DA:101,2
DA:107,3
DA:120,4
DA:122,4
DA:152,4
DA:160,4
DA:171,4
LF:37
LH:36
BRDA:18,0,0,0
BRDA:18,0,1,11
BRDA:20,1,0,11
BRDA:20,1,1,0
BRDA:24,2,0,11
BRDA:24,2,1,0
BRDA:49,3,0,1
BRDA:49,3,1,1
BRDA:61,4,0,2
BRDA:61,4,1,3
BRDA:66,5,0,1
BRDA:66,5,1,2
BRDA:74,6,0,0
BRDA:74,6,1,3
BRDA:87,7,0,2
BRDA:87,7,1,2
BRDA:89,8,0,0
BRDA:89,8,1,2
BRDA:124,9,0,4
BRDA:124,9,1,0
BRDA:125,10,0,4
BRDA:125,10,1,0
BRDA:126,11,0,0
BRDA:126,11,1,4
BRDA:126,12,0,4
BRDA:126,12,1,4
BRDA:129,13,0,0
BRDA:129,13,1,0
BRDA:130,14,0,0
BRDA:130,14,1,0
BRDA:134,15,0,0
BRDA:134,15,1,4
BRDA:134,16,0,4
BRDA:134,16,1,4
BRDA:137,17,0,0
BRDA:137,17,1,0
BRDA:138,18,0,0
BRDA:138,18,1,0
BRDA:142,19,0,4
BRDA:142,19,1,1
BRDA:152,20,0,4
BRDA:152,20,1,0
BRDA:154,21,0,0
BRDA:154,21,1,0
BRDA:156,22,0,0
BRDA:156,22,1,0
BRF:46
BRH:24
end_of_record
